This is pdfTeX, Version 3.1415926-2.5-1.40.14 (TeX Live 2013) (format=pdflatex 2014.4.22)  20 MAY 2014 10:07
entering extended mode
 restricted \write18 enabled.
 %&-line parsing enabled.
**/home/elzeiz/git/pnmc/src/matrixModel/Matrix.cpp
(/home/elzeiz/git/pnmc/src/matrixModel/Matrix.cpp
LaTeX2e <2011/06/27>
Babel <3.9k> and hyphenation patterns for 78 languages loaded.
! You can't use `macro parameter character #' in vertical mode.
l.1 #
     include <vector>
? 
! Emergency stop.
l.1 #
     include <vector>
End of file on the terminal!

 
Here is how much of TeX's memory you used:
 7 strings out of 493307
 238 string characters out of 6135072
 52434 words of memory out of 5000000
 3564 multiletter control sequences out of 15000+600000
 3640 words of font info for 14 fonts, out of 8000000 for 9000
 957 hyphenation exceptions out of 8191
 5i,0n,1p,68b,8s stack positions out of 5000i,500n,10000p,200000b,80000s
!  ==> Fatal error occurred, no output PDF file produced!
